2018-09-20 08:45:29.330  INFO 6528 --- [restartedMain] cn.ck.ChuangApplication                  : Starting ChuangApplication on WEN-PC with PID 6528 (D:\Test\chuangke\target\classes started by Administrator in D:\Test\chuangke)
2018-09-20 08:45:29.335  INFO 6528 --- [restartedMain] cn.ck.ChuangApplication                  : No active profile set, falling back to default profiles: default
2018-09-20 08:45:30.301  INFO 6528 --- [restartedMain] ConfigServletWebServerApplicationContext : Refreshing org.springframework.boot.web.servlet.context.AnnotationConfigServletWebServerApplicationContext@7db89877: startup date [Thu Sep 20 08:45:30 CST 2018]; root of context hierarchy
2018-09-20 08:45:36.452  INFO 6528 --- [restartedMain] .s.d.r.c.RepositoryConfigurationDelegate : Multiple Spring Data modules found, entering strict repository configuration mode!
2018-09-20 08:45:37.392  INFO 6528 --- [restartedMain] trationDelegate$BeanPostProcessorChecker : Bean 'shiroConfig' of type [cn.ck.config.ShiroConfig$$EnhancerBySpringCGLIB$$4d57432a] is not eligible for getting processed by all BeanPostProcessors (for example: not eligible for auto-proxying)
2018-09-20 08:45:37.668  INFO 6528 --- [restartedMain] trationDelegate$BeanPostProcessorChecker : Bean 'org.springframework.boot.context.properties.ConversionServiceDeducer$Factory' of type [org.springframework.boot.context.properties.ConversionServiceDeducer$Factory] is not eligible for getting processed by all BeanPostProcessors (for example: not eligible for auto-proxying)
2018-09-20 08:45:37.878  INFO 6528 --- [restartedMain] trationDelegate$BeanPostProcessorChecker : Bean 'mybatis-plus-com.baomidou.mybatisplus.spring.boot.starter.MybatisPlusProperties' of type [com.baomidou.mybatisplus.spring.boot.starter.MybatisPlusProperties] is not eligible for getting processed by all BeanPostProcessors (for example: not eligible for auto-proxying)
2018-09-20 08:45:37.903  INFO 6528 --- [restartedMain] trationDelegate$BeanPostProcessorChecker : Bean 'mybatisPlusConfig' of type [cn.ck.config.MybatisPlusConfig$$EnhancerBySpringCGLIB$$de977086] is not eligible for getting processed by all BeanPostProcessors (for example: not eligible for auto-proxying)
2018-09-20 08:45:37.944  INFO 6528 --- [restartedMain] trationDelegate$BeanPostProcessorChecker : Bean 'paginationInterceptor' of type [com.baomidou.mybatisplus.plugins.PaginationInterceptor] is not eligible for getting processed by all BeanPostProcessors (for example: not eligible for auto-proxying)
2018-09-20 08:45:37.954  INFO 6528 --- [restartedMain] trationDelegate$BeanPostProcessorChecker : Bean 'com.baomidou.mybatisplus.spring.boot.starter.MybatisPlusAutoConfiguration' of type [com.baomidou.mybatisplus.spring.boot.starter.MybatisPlusAutoConfiguration$$EnhancerBySpringCGLIB$$1e664918] is not eligible for getting processed by all BeanPostProcessors (for example: not eligible for auto-proxying)
2018-09-20 08:45:37.961  INFO 6528 --- [restartedMain] trationDelegate$BeanPostProcessorChecker : Bean 'com.alibaba.druid.spring.boot.autoconfigure.DruidDataSourceAutoConfigure' of type [com.alibaba.druid.spring.boot.autoconfigure.DruidDataSourceAutoConfigure$$EnhancerBySpringCGLIB$$ea72a02d] is not eligible for getting processed by all BeanPostProcessors (for example: not eligible for auto-proxying)
2018-09-20 08:45:37.963  INFO 6528 --- [restartedMain] c.a.d.s.b.a.DruidDataSourceAutoConfigure : Init DruidDataSource
2018-09-20 08:45:38.161  INFO 6528 --- [restartedMain] trationDelegate$BeanPostProcessorChecker : Bean 'spring.datasource-org.springframework.boot.autoconfigure.jdbc.DataSourceProperties' of type [org.springframework.boot.autoconfigure.jdbc.DataSourceProperties] is not eligible for getting processed by all BeanPostProcessors (for example: not eligible for auto-proxying)
2018-09-20 08:45:38.171  INFO 6528 --- [restartedMain] trationDelegate$BeanPostProcessorChecker : Bean 'com.alibaba.druid.spring.boot.autoconfigure.stat.DruidFilterConfiguration' of type [com.alibaba.druid.spring.boot.autoconfigure.stat.DruidFilterConfiguration] is not eligible for getting processed by all BeanPostProcessors (for example: not eligible for auto-proxying)
2018-09-20 08:45:38.301  INFO 6528 --- [restartedMain] trationDelegate$BeanPostProcessorChecker : Bean 'statFilter' of type [com.alibaba.druid.filter.stat.StatFilter] is not eligible for getting processed by all BeanPostProcessors (for example: not eligible for auto-proxying)
2018-09-20 08:45:39.144  INFO 6528 --- [restartedMain] com.alibaba.druid.pool.DruidDataSource   : {dataSource-1} inited
2018-09-20 08:45:39.144  INFO 6528 --- [restartedMain] trationDelegate$BeanPostProcessorChecker : Bean 'dataSource' of type [com.alibaba.druid.spring.boot.autoconfigure.DruidDataSourceWrapper] is not eligible for getting processed by all BeanPostProcessors (for example: not eligible for auto-proxying)
2018-09-20 08:45:40.990  WARN 6528 --- [restartedMain] c.b.mybatisplus.toolkit.TableInfoHelper  : Warn: Could not find @TableId in Class: cn.ck.entity.Admin.
2018-09-20 08:45:40.990  WARN 6528 --- [restartedMain] c.b.mybatisplus.mapper.AutoSqlInjector   : class cn.ck.entity.Admin ,Not found @TableId annotation, Cannot use Mybatis-Plus 'xxById' Method.
2018-09-20 08:45:41.046  WARN 6528 --- [restartedMain] c.b.mybatisplus.toolkit.TableInfoHelper  : Warn: Could not find @TableId in Class: cn.ck.entity.Alluser.
2018-09-20 08:45:41.046  WARN 6528 --- [restartedMain] c.b.mybatisplus.mapper.AutoSqlInjector   : class cn.ck.entity.Alluser ,Not found @TableId annotation, Cannot use Mybatis-Plus 'xxById' Method.
2018-09-20 08:45:41.344  WARN 6528 --- [restartedMain] c.b.mybatisplus.toolkit.TableInfoHelper  : Warn: Could not find @TableId in Class: cn.ck.entity.Funds.
2018-09-20 08:45:41.345  WARN 6528 --- [restartedMain] c.b.mybatisplus.mapper.AutoSqlInjector   : class cn.ck.entity.Funds ,Not found @TableId annotation, Cannot use Mybatis-Plus 'xxById' Method.
2018-09-20 08:45:41.711  WARN 6528 --- [restartedMain] c.b.mybatisplus.toolkit.TableInfoHelper  : Warn: Could not find @TableId in Class: cn.ck.entity.Promulgator.
2018-09-20 08:45:41.712  WARN 6528 --- [restartedMain] c.b.mybatisplus.mapper.AutoSqlInjector   : class cn.ck.entity.Promulgator ,Not found @TableId annotation, Cannot use Mybatis-Plus 'xxById' Method.
2018-09-20 08:45:41.880  WARN 6528 --- [restartedMain] c.b.mybatisplus.toolkit.TableInfoHelper  : Warn: Could not find @TableId in Class: cn.ck.entity.Studio.
2018-09-20 08:45:41.881  WARN 6528 --- [restartedMain] c.b.mybatisplus.mapper.AutoSqlInjector   : class cn.ck.entity.Studio ,Not found @TableId annotation, Cannot use Mybatis-Plus 'xxById' Method.
2018-09-20 08:45:41.963  WARN 6528 --- [restartedMain] c.b.mybatisplus.toolkit.TableInfoHelper  : Warn: Could not find @TableId in Class: cn.ck.entity.Users.
2018-09-20 08:45:41.964  WARN 6528 --- [restartedMain] c.b.mybatisplus.mapper.AutoSqlInjector   : class cn.ck.entity.Users ,Not found @TableId annotation, Cannot use Mybatis-Plus 'xxById' Method.
2018-09-20 08:45:41.983  INFO 6528 --- [restartedMain] trationDelegate$BeanPostProcessorChecker : Bean 'sqlSessionFactory' of type [org.apache.ibatis.session.defaults.DefaultSqlSessionFactory] is not eligible for getting processed by all BeanPostProcessors (for example: not eligible for auto-proxying)
2018-09-20 08:45:41.994  INFO 6528 --- [restartedMain] trationDelegate$BeanPostProcessorChecker : Bean 'sqlSessionTemplate' of type [org.mybatis.spring.SqlSessionTemplate] is not eligible for getting processed by all BeanPostProcessors (for example: not eligible for auto-proxying)
2018-09-20 08:45:41.995  INFO 6528 --- [restartedMain] trationDelegate$BeanPostProcessorChecker : Bean 'alluserMapper' of type [org.mybatis.spring.mapper.MapperFactoryBean] is not eligible for getting processed by all BeanPostProcessors (for example: not eligible for auto-proxying)
2018-09-20 08:45:42.003  INFO 6528 --- [restartedMain] trationDelegate$BeanPostProcessorChecker : Bean 'alluserMapper' of type [com.sun.proxy.$Proxy64] is not eligible for getting processed by all BeanPostProcessors (for example: not eligible for auto-proxying)
2018-09-20 08:45:42.014  INFO 6528 --- [restartedMain] trationDelegate$BeanPostProcessorChecker : Bean 'roleMapper' of type [org.mybatis.spring.mapper.MapperFactoryBean] is not eligible for getting processed by all BeanPostProcessors (for example: not eligible for auto-proxying)
2018-09-20 08:45:42.023  INFO 6528 --- [restartedMain] trationDelegate$BeanPostProcessorChecker : Bean 'roleMapper' of type [com.sun.proxy.$Proxy65] is not eligible for getting processed by all BeanPostProcessors (for example: not eligible for auto-proxying)
2018-09-20 08:45:42.061  INFO 6528 --- [restartedMain] trationDelegate$BeanPostProcessorChecker : Bean 'permissionMapper' of type [org.mybatis.spring.mapper.MapperFactoryBean] is not eligible for getting processed by all BeanPostProcessors (for example: not eligible for auto-proxying)
2018-09-20 08:45:42.068  INFO 6528 --- [restartedMain] trationDelegate$BeanPostProcessorChecker : Bean 'permissionMapper' of type [com.sun.proxy.$Proxy66] is not eligible for getting processed by all BeanPostProcessors (for example: not eligible for auto-proxying)
2018-09-20 08:45:42.070  INFO 6528 --- [restartedMain] trationDelegate$BeanPostProcessorChecker : Bean 'userRealm' of type [cn.ck.shiro.UserRealm] is not eligible for getting processed by all BeanPostProcessors (for example: not eligible for auto-proxying)
2018-09-20 08:45:42.104  INFO 6528 --- [restartedMain] trationDelegate$BeanPostProcessorChecker : Bean 'org.springframework.boot.autoconfigure.data.redis.RedisAutoConfiguration' of type [org.springframework.boot.autoconfigure.data.redis.RedisAutoConfiguration$$EnhancerBySpringCGLIB$$c65dd5f7] is not eligible for getting processed by all BeanPostProcessors (for example: not eligible for auto-proxying)
2018-09-20 08:45:42.119  INFO 6528 --- [restartedMain] trationDelegate$BeanPostProcessorChecker : Bean 'spring.redis-org.springframework.boot.autoconfigure.data.redis.RedisProperties' of type [org.springframework.boot.autoconfigure.data.redis.RedisProperties] is not eligible for getting processed by all BeanPostProcessors (for example: not eligible for auto-proxying)
2018-09-20 08:45:42.133  INFO 6528 --- [restartedMain] trationDelegate$BeanPostProcessorChecker : Bean 'org.springframework.boot.autoconfigure.data.redis.LettuceConnectionConfiguration' of type [org.springframework.boot.autoconfigure.data.redis.LettuceConnectionConfiguration$$EnhancerBySpringCGLIB$$e5e06905] is not eligible for getting processed by all BeanPostProcessors (for example: not eligible for auto-proxying)
2018-09-20 08:45:42.297  INFO 6528 --- [restartedMain] trationDelegate$BeanPostProcessorChecker : Bean 'lettuceClientResources' of type [io.lettuce.core.resource.DefaultClientResources] is not eligible for getting processed by all BeanPostProcessors (for example: not eligible for auto-proxying)
2018-09-20 08:45:42.396  INFO 6528 --- [restartedMain] trationDelegate$BeanPostProcessorChecker : Bean 'redisConnectionFactory' of type [org.springframework.data.redis.connection.lettuce.LettuceConnectionFactory] is not eligible for getting processed by all BeanPostProcessors (for example: not eligible for auto-proxying)
2018-09-20 08:45:42.425  INFO 6528 --- [restartedMain] trationDelegate$BeanPostProcessorChecker : Bean 'redisTemplate' of type [org.springframework.data.redis.core.RedisTemplate] is not eligible for getting processed by all BeanPostProcessors (for example: not eligible for auto-proxying)
2018-09-20 08:45:42.425  INFO 6528 --- [restartedMain] trationDelegate$BeanPostProcessorChecker : Bean 'redisShiroSessionDAO' of type [cn.ck.shiro.RedisShiroSessionDAO] is not eligible for getting processed by all BeanPostProcessors (for example: not eligible for auto-proxying)
2018-09-20 08:45:42.447  INFO 6528 --- [restartedMain] trationDelegate$BeanPostProcessorChecker : Bean 'sessionManager' of type [org.apache.shiro.web.session.mgt.DefaultWebSessionManager] is not eligible for getting processed by all BeanPostProcessors (for example: not eligible for auto-proxying)
2018-09-20 08:45:44.649  INFO 6528 --- [restartedMain] trationDelegate$BeanPostProcessorChecker : Bean 'securityManager' of type [org.apache.shiro.web.mgt.DefaultWebSecurityManager] is not eligible for getting processed by all BeanPostProcessors (for example: not eligible for auto-proxying)
2018-09-20 08:45:44.751  INFO 6528 --- [restartedMain] trationDelegate$BeanPostProcessorChecker : Bean 'authorizationAttributeSourceAdvisor' of type [org.apache.shiro.spring.security.interceptor.AuthorizationAttributeSourceAdvisor] is not eligible for getting processed by all BeanPostProcessors (for example: not eligible for auto-proxying)
2018-09-20 08:45:44.784  INFO 6528 --- [restartedMain] trationDelegate$BeanPostProcessorChecker : Bean 'org.springframework.transaction.annotation.ProxyTransactionManagementConfiguration' of type [org.springframework.transaction.annotation.ProxyTransactionManagementConfiguration$$EnhancerBySpringCGLIB$$d0c6aabb] is not eligible for getting processed by all BeanPostProcessors (for example: not eligible for auto-proxying)
2018-09-20 08:45:45.789  INFO 6528 --- [restartedMain] o.s.b.w.embedded.tomcat.TomcatWebServer  : Tomcat initialized with port(s): 8080 (http)
2018-09-20 08:45:45.927  INFO 6528 --- [restartedMain] o.apache.catalina.core.StandardService   : Starting service [Tomcat]
2018-09-20 08:45:45.928  INFO 6528 --- [restartedMain] org.apache.catalina.core.StandardEngine  : Starting Servlet Engine: Apache Tomcat/8.5.34
2018-09-20 08:45:45.990  INFO 6528 --- [localhost-startStop-1] o.a.catalina.core.AprLifecycleListener   : The APR based Apache Tomcat Native library which allows optimal performance in production environments was not found on the java.library.path: [C:\Program Files\Java\jdk1.8.0_172\bin;C:\WINDOWS\Sun\Java\bin;C:\WINDOWS\system32;C:\WINDOWS;C:\Program Files (x86)\Common Files\Oracle\Java\javapath;C:\Program Files\Java\jdk1.8.0_172\bin;C:\Program Files\Java\jdk1.8.0_172\jre\bin;\ProgramData\Oracle\Java\javapath;C:\Windows\system32;C:\Windows;C:\Windows\System32\Wbem;C:\Windows\System32\WindowsPowerShell\v1.0\;C:\Program Files (x86)\NVIDIA Corporation\PhysX\Common;C:\Program Files\Microsoft SQL Server\130\Tools\Binn\;C:\Program Files (x86)\Microsoft SQL Server\Client SDK\ODBC\130\Tools\Binn\;C:\Program Files (x86)\Microsoft SQL Server\140\Tools\Binn\;C:\Program Files (x86)\Microsoft SQL Server\140\DTS\Binn\;C:\Program Files (x86)\Microsoft SQL Server\140\Tools\Binn\ManagementStudio\;C:\Program Files (x86)\Microsoft SQL Server\130\Tools\Binn\;C:\Program Files (x86)\Microsoft SQL Server\130\DTS\Binn\;C:\Program Files\Microsoft SQL Server\130\DTS\Binn\;C:\Program Files\Microsoft SQL Server\Client SDK\ODBC\130\Tools\Binn\;C:\Program Files (x86)\GtkSharp\2.12\bin;C:\Program Files\dotnet\;C:\WINDOWS\system32;C:\WINDOWS;C:\WINDOWS\System32\Wbem;C:\WINDOWS\System32\WindowsPowerShell\v1.0\;D:\JAVA\Maven\apache-maven-3.5.3\bin;C:\Program Files\Common Files\Autodesk Shared\;C:\WINDOWS\System32\OpenSSH\;D:\Develop\nodejs\;C:\Users\Administrator\AppData\Local\GitHubDesktop\app-1.2.3\resources\app\git\cmd;C:\Program Files\MySQL\MySQL Server 5.7\bin;C:\Users\Administrator\AppData\Local\Microsoft\WindowsApps;C:\Users\Administrator\AppData\Local\GitHubDesktop\bin;D:\Microsoft VS Code\Microsoft VS Code\bin;C:\Users\Administrator\AppData\Local\Microsoft\WindowsApps;;C:\Users\Administrator\AppData\Local\Programs\Microsoft VS Code\bin;C:\Users\Administrator\AppData\Roaming\npm;.]
2018-09-20 08:45:46.173  INFO 6528 --- [localhost-startStop-1] o.a.c.c.C.[Tomcat].[localhost].[/]       : Initializing Spring embedded WebApplicationContext
2018-09-20 08:45:46.173  INFO 6528 --- [localhost-startStop-1] o.s.web.context.ContextLoader            : Root WebApplicationContext: initialization completed in 15873 ms
2018-09-20 08:45:46.474  INFO 6528 --- [localhost-startStop-1] o.s.b.w.servlet.ServletRegistrationBean  : Servlet dispatcherServlet mapped to [/]
2018-09-20 08:45:46.477  INFO 6528 --- [localhost-startStop-1] o.s.b.w.servlet.ServletRegistrationBean  : Servlet statViewServlet mapped to [/druid/*]
2018-09-20 08:45:46.482  INFO 6528 --- [localhost-startStop-1] o.s.b.w.servlet.FilterRegistrationBean   : Mapping filter: 'characterEncodingFilter' to: [/*]
2018-09-20 08:45:46.482  INFO 6528 --- [localhost-startStop-1] o.s.b.w.servlet.FilterRegistrationBean   : Mapping filter: 'hiddenHttpMethodFilter' to: [/*]
2018-09-20 08:45:46.483  INFO 6528 --- [localhost-startStop-1] o.s.b.w.servlet.FilterRegistrationBean   : Mapping filter: 'httpPutFormContentFilter' to: [/*]
2018-09-20 08:45:46.483  INFO 6528 --- [localhost-startStop-1] o.s.b.w.servlet.FilterRegistrationBean   : Mapping filter: 'requestContextFilter' to: [/*]
2018-09-20 08:45:46.483  INFO 6528 --- [localhost-startStop-1] o.s.b.w.servlet.FilterRegistrationBean   : Mapping filter: 'webStatFilter' to urls: [/*]
2018-09-20 08:45:46.483  INFO 6528 --- [localhost-startStop-1] o.s.b.w.servlet.FilterRegistrationBean   : Mapping filter: 'shiroFilter' to: [/*]
2018-09-20 08:45:48.235  INFO 6528 --- [restartedMain] o.s.w.s.handler.SimpleUrlHandlerMapping  : Mapped URL path [/**/favicon.ico] onto handler of type [class org.springframework.web.servlet.resource.ResourceHttpRequestHandler]
2018-09-20 08:45:49.023  INFO 6528 --- [restartedMain] s.w.s.m.m.a.RequestMappingHandlerAdapter : Looking for @ControllerAdvice: org.springframework.boot.web.servlet.context.AnnotationConfigServletWebServerApplicationContext@7db89877: startup date [Thu Sep 20 08:45:30 CST 2018]; root of context hierarchy
2018-09-20 08:45:49.148  INFO 6528 --- [restartedMain] s.w.s.m.m.a.RequestMappingHandlerMapping : Mapped "{[/index]}" onto public java.lang.String cn.ck.controller.LoginController.index(org.springframework.ui.Model)
2018-09-20 08:45:49.149  INFO 6528 --- [restartedMain] s.w.s.m.m.a.RequestMappingHandlerMapping : Mapped "{[/logout]}" onto public java.lang.String cn.ck.controller.LoginController.logout()
2018-09-20 08:45:49.150  INFO 6528 --- [restartedMain] s.w.s.m.m.a.RequestMappingHandlerMapping : Mapped "{[/]}" onto public java.lang.String cn.ck.controller.LoginController.homePage()
2018-09-20 08:45:49.150  INFO 6528 --- [restartedMain] s.w.s.m.m.a.RequestMappingHandlerMapping : Mapped "{[/login],methods=[POST]}" onto public cn.ck.utils.ResponseBo cn.ck.controller.LoginController.login(java.lang.String,java.lang.String,java.lang.Boolean)
2018-09-20 08:45:49.150  INFO 6528 --- [restartedMain] s.w.s.m.m.a.RequestMappingHandlerMapping : Mapped "{[/login],methods=[GET]}" onto public java.lang.String cn.ck.controller.LoginController.login()
2018-09-20 08:45:49.151  INFO 6528 --- [restartedMain] s.w.s.m.m.a.RequestMappingHandlerMapping : Mapped "{[/403],methods=[GET]}" onto public java.lang.String cn.ck.controller.LoginController.forbid()
2018-09-20 08:45:49.167  INFO 6528 --- [restartedMain] s.w.s.m.m.a.RequestMappingHandlerMapping : Mapped "{[/user/list]}" onto public java.lang.String cn.ck.controller.UserController.userList(org.springframework.ui.Model)
2018-09-20 08:45:49.167  INFO 6528 --- [restartedMain] s.w.s.m.m.a.RequestMappingHandlerMapping : Mapped "{[/user/add]}" onto public java.lang.String cn.ck.controller.UserController.userAdd(org.springframework.ui.Model)
2018-09-20 08:45:49.167  INFO 6528 --- [restartedMain] s.w.s.m.m.a.RequestMappingHandlerMapping : Mapped "{[/user/delete]}" onto public java.lang.String cn.ck.controller.UserController.userDelete(org.springframework.ui.Model)
2018-09-20 08:45:49.178  INFO 6528 --- [restartedMain] s.w.s.m.m.a.RequestMappingHandlerMapping : Mapped "{[/error]}" onto public org.springframework.http.ResponseEntity<java.util.Map<java.lang.String, java.lang.Object>> org.springframework.boot.autoconfigure.web.servlet.error.BasicErrorController.error(javax.servlet.http.HttpServletRequest)
2018-09-20 08:45:49.179  INFO 6528 --- [restartedMain] s.w.s.m.m.a.RequestMappingHandlerMapping : Mapped "{[/error],produces=[text/html]}" onto public org.springframework.web.servlet.ModelAndView org.springframework.boot.autoconfigure.web.servlet.error.BasicErrorController.errorHtml(javax.servlet.http.HttpServletRequest,javax.servlet.http.HttpServletResponse)
2018-09-20 08:45:49.269  INFO 6528 --- [restartedMain] o.s.w.s.handler.SimpleUrlHandlerMapping  : Mapped URL path [/webjars/**] onto handler of type [class org.springframework.web.servlet.resource.ResourceHttpRequestHandler]
2018-09-20 08:45:49.269  INFO 6528 --- [restartedMain] o.s.w.s.handler.SimpleUrlHandlerMapping  : Mapped URL path [/static/**] onto handler of type [class org.springframework.web.servlet.resource.ResourceHttpRequestHandler]
2018-09-20 08:45:49.269  INFO 6528 --- [restartedMain] o.s.w.s.handler.SimpleUrlHandlerMapping  : Mapped URL path [/statics/**] onto handler of type [class org.springframework.web.servlet.resource.ResourceHttpRequestHandler]
2018-09-20 08:45:49.580  INFO 6528 --- [restartedMain] o.s.b.a.w.s.WelcomePageHandlerMapping    : Adding welcome page template: index
2018-09-20 08:45:50.426  INFO 6528 --- [restartedMain] org.quartz.impl.StdSchedulerFactory      : Using default implementation for ThreadExecutor
2018-09-20 08:45:50.444  INFO 6528 --- [restartedMain] org.quartz.core.SchedulerSignalerImpl    : Initialized Scheduler Signaller of type: class org.quartz.core.SchedulerSignalerImpl
2018-09-20 08:45:50.444  INFO 6528 --- [restartedMain] org.quartz.core.QuartzScheduler          : Quartz Scheduler v.2.3.0 created.
2018-09-20 08:45:50.445  INFO 6528 --- [restartedMain] org.quartz.simpl.RAMJobStore             : RAMJobStore initialized.
2018-09-20 08:45:50.446  INFO 6528 --- [restartedMain] org.quartz.core.QuartzScheduler          : Scheduler meta-data: Quartz Scheduler (v2.3.0) 'quartzScheduler' with instanceId 'NON_CLUSTERED'
  Scheduler class: 'org.quartz.core.QuartzScheduler' - running locally.
  NOT STARTED.
  Currently in standby mode.
  Number of jobs executed: 0
  Using thread pool 'org.quartz.simpl.SimpleThreadPool' - with 10 threads.
  Using job-store 'org.quartz.simpl.RAMJobStore' - which does not support persistence. and is not clustered.

2018-09-20 08:45:50.446  INFO 6528 --- [restartedMain] org.quartz.impl.StdSchedulerFactory      : Quartz scheduler 'quartzScheduler' initialized from an externally provided properties instance.
2018-09-20 08:45:50.446  INFO 6528 --- [restartedMain] org.quartz.impl.StdSchedulerFactory      : Quartz scheduler version: 2.3.0
2018-09-20 08:45:50.446  INFO 6528 --- [restartedMain] org.quartz.core.QuartzScheduler          : JobFactory set to: org.springframework.boot.autoconfigure.quartz.AutowireCapableBeanJobFactory@1a051560
2018-09-20 08:45:50.863  INFO 6528 --- [restartedMain] o.s.b.d.a.OptionalLiveReloadServer       : LiveReload server is running on port 35729
2018-09-20 08:45:50.966  INFO 6528 --- [restartedMain] o.s.j.e.a.AnnotationMBeanExporter        : Registering beans for JMX exposure on startup
2018-09-20 08:45:50.968  INFO 6528 --- [restartedMain] o.s.j.e.a.AnnotationMBeanExporter        : Bean with name 'statFilter' has been autodetected for JMX exposure
2018-09-20 08:45:50.968  INFO 6528 --- [restartedMain] o.s.j.e.a.AnnotationMBeanExporter        : Bean with name 'dataSource' has been autodetected for JMX exposure
2018-09-20 08:45:50.975  INFO 6528 --- [restartedMain] o.s.j.e.a.AnnotationMBeanExporter        : Located MBean 'dataSource': registering with JMX server as MBean [com.alibaba.druid.spring.boot.autoconfigure:name=dataSource,type=DruidDataSourceWrapper]
2018-09-20 08:45:50.976  INFO 6528 --- [restartedMain] o.s.j.e.a.AnnotationMBeanExporter        : Located MBean 'statFilter': registering with JMX server as MBean [com.alibaba.druid.filter.stat:name=statFilter,type=StatFilter]
2018-09-20 08:45:50.982  INFO 6528 --- [restartedMain] o.s.c.support.DefaultLifecycleProcessor  : Starting beans in phase 2147483647
2018-09-20 08:45:50.982  INFO 6528 --- [restartedMain] o.s.s.quartz.SchedulerFactoryBean        : Starting Quartz Scheduler now
2018-09-20 08:45:50.983  INFO 6528 --- [restartedMain] org.quartz.core.QuartzScheduler          : Scheduler quartzScheduler_$_NON_CLUSTERED started.
2018-09-20 08:45:51.064  INFO 6528 --- [restartedMain] o.s.b.w.embedded.tomcat.TomcatWebServer  : Tomcat started on port(s): 8080 (http) with context path ''
2018-09-20 08:45:51.071  INFO 6528 --- [restartedMain] cn.ck.ChuangApplication                  : Started ChuangApplication in 23.799 seconds (JVM running for 41.057)
2018-09-20 08:47:18.893  INFO 6528 --- [http-nio-8080-exec-1] o.a.c.c.C.[Tomcat].[localhost].[/]       : Initializing Spring FrameworkServlet 'dispatcherServlet'
2018-09-20 08:47:18.893  INFO 6528 --- [http-nio-8080-exec-1] o.s.web.servlet.DispatcherServlet        : FrameworkServlet 'dispatcherServlet': initialization started
2018-09-20 08:47:18.931  INFO 6528 --- [http-nio-8080-exec-1] o.s.web.servlet.DispatcherServlet        : FrameworkServlet 'dispatcherServlet': initialization completed in 38 ms
2018-09-20 08:47:19.004  INFO 6528 --- [http-nio-8080-exec-1] a.s.s.m.AbstractValidatingSessionManager : Enabling session validation scheduler...
2018-09-20 08:47:20.372  INFO 6528 --- [http-nio-8080-exec-22] io.lettuce.core.EpollProvider            : Starting without optional epoll library
2018-09-20 08:47:20.622  INFO 6528 --- [http-nio-8080-exec-22] io.lettuce.core.KqueueProvider           : Starting without optional kqueue library
2018-09-20 08:51:40.304  INFO 6528 --- [Thread-56] ConfigServletWebServerApplicationContext : Closing org.springframework.boot.web.servlet.context.AnnotationConfigServletWebServerApplicationContext@7db89877: startup date [Thu Sep 20 08:45:30 CST 2018]; root of context hierarchy
2018-09-20 08:51:40.307  INFO 6528 --- [Thread-56] o.s.c.support.DefaultLifecycleProcessor  : Stopping beans in phase 2147483647
2018-09-20 08:51:40.307  INFO 6528 --- [Thread-56] org.quartz.core.QuartzScheduler          : Scheduler quartzScheduler_$_NON_CLUSTERED paused.
2018-09-20 08:51:40.309  INFO 6528 --- [Thread-56] o.s.s.quartz.SchedulerFactoryBean        : Shutting down Quartz Scheduler
2018-09-20 08:51:40.309  INFO 6528 --- [Thread-56] org.quartz.core.QuartzScheduler          : Scheduler quartzScheduler_$_NON_CLUSTERED shutting down.
2018-09-20 08:51:40.309  INFO 6528 --- [Thread-56] org.quartz.core.QuartzScheduler          : Scheduler quartzScheduler_$_NON_CLUSTERED paused.
2018-09-20 08:51:40.309  INFO 6528 --- [Thread-56] org.quartz.core.QuartzScheduler          : Scheduler quartzScheduler_$_NON_CLUSTERED shutdown complete.
2018-09-20 08:51:40.310  INFO 6528 --- [Thread-56] o.s.j.e.a.AnnotationMBeanExporter        : Unregistering JMX-exposed beans on shutdown
2018-09-20 08:51:40.310  INFO 6528 --- [Thread-56] o.s.j.e.a.AnnotationMBeanExporter        : Unregistering JMX-exposed beans
2018-09-20 08:51:40.312  INFO 6528 --- [Thread-56] a.s.s.m.AbstractValidatingSessionManager : Disabled session validation scheduler.
2018-09-20 08:51:41.518  INFO 6528 --- [Thread-56] com.alibaba.druid.pool.DruidDataSource   : {dataSource-1} closed
